#
# There is insufficient memory for the Java Runtime Environment to continue.
# Native memory allocation (mmap) failed to map 65536 bytes for Failed to commit area from 0x000001cdabe80000 to 0x000001cdabe90000 of length 65536.
# Possible reasons:
#   The system is out of physical RAM or swap space
#   The process is running with CompressedOops enabled, and the Java Heap may be blocking the growth of the native heap
# Possible solutions:
#   Reduce memory load on the system
#   Increase physical memory or swap space
#   Check if swap backing store is full
#   Decrease Java heap size (-Xmx/-Xms)
#   Decrease number of Java threads
#   Decrease Java thread stack sizes (-Xss)
#   Set larger code cache with -XX:ReservedCodeCacheSize=
# This output file may be truncated or incomplete.
#
#  Out of Memory Error (./src/hotspot/os/windows/os_windows.cpp:3521), pid=7620, tid=13576
#
# JRE version:  (11.0.12+7) (build )
# Java VM: OpenJDK 64-Bit Server VM (11.0.12+7-b1504.28, mixed mode, sharing, tiered, compressed oops, g1 gc, windows-amd64)
# No core dump will be written. Minidumps are not enabled by default on client versions of Windows
#

---------------  S U M M A R Y ------------

Command Line: -Djava.rmi.server.hostname=127.0.0.1 -Duser.timezone=UTC -Xmx1000m -Xms128m -Dfile.encoding=UTF-8 com.intellij.database.remote.RemoteJdbcServer com.mysql.cj.jdbc.Driver

Host: Intel(R) Core(TM) i5-8265U CPU @ 1.60GHz, 8 cores, 7G,  Windows 10 , 64 bit Build 17763 (10.0.17763.475)
Time: Fri Dec 17 16:31:00 2021 ?D1¨²¡À¨º¡Á?¨º¡À?? elapsed time: 0.030713 seconds (0d 0h 0m 0s)

---------------  T H R E A D  ---------------

Current thread (0x000001cd977e9800):  JavaThread "Unknown thread" [_thread_in_vm, id=13576, stack(0x0000005000600000,0x0000005000700000)]

Stack: [0x0000005000600000,0x0000005000700000]
Native frames: (J=compiled Java code, j=interpreted, Vv=VM code, C=native code)
V  [jvm.dll+0x5ff40a]
V  [jvm.dll+0x783b65]
V  [jvm.dll+0x78517d]
V  [jvm.dll+0x785833]
V  [jvm.dll+0x249408]
V  [jvm.dll+0x5fc7f4]
V  [jvm.dll+0x5f13c5]
V  [jvm.dll+0x3076bb]
V  [jvm.dll+0x30762a]
V  [jvm.dll+0x307502]
V  [jvm.dll+0x30c575]
V  [jvm.dll+0x355567]
V  [jvm.dll+0x355c46]
V  [jvm.dll+0x355643]
V  [jvm.dll+0x2e2018]
V  [jvm.dll+0x2e31c7]
V  [jvm.dll+0x761f57]
V  [jvm.dll+0x76374c]
V  [jvm.dll+0x362ab9]
V  [jvm.dll+0x7455be]
V  [jvm.dll+0x3cb673]
V  [jvm.dll+0x3cda21]
C  [jli.dll+0x536b]
C  [ucrtbase.dll+0x2268a]
C  [KERNEL32.DLL+0x17974]
C  [ntdll.dll+0x5a0b1]


---------------  P R O C E S S  ---------------

Threads class SMR info:
_java_thread_list=0x000001cd95694ef0, length=0, elements={
}

Java Threads: ( => current thread )

Other Threads:
  0x000001cd97801800 GCTaskThread "GC Thread#0" [stack: 0x0000005000700000,0x0000005000800000] [id=33092]
  0x000001cd97823800 ConcurrentGCThread "G1 Main Marker" [stack: 0x0000005000800000,0x0000005000900000] [id=38420]
  0x000001cd97825000 ConcurrentGCThread "G1 Conc#0" [stack: 0x0000005000900000,0x0000005000a00000] [id=18012]

[error occurred during error reporting (printing all threads), id 0xc0000005, EXCEPTION_ACCESS_VIOLATION (0xc0000005) at pc=0x00007ff985e627a7]

VM state:not at safepoint (not fully initialized)

VM Mutex/Monitor currently owned by a thread:  ([mutex/lock_event])
[0x000001cd977e7870] Heap_lock - owner thread: 0x000001cd977e9800

Heap address: 0x00000000c1800000, size: 1000 MB, Compressed Oops mode: Non-zero based: 0x00000000c1800000
Narrow klass base: 0x0000000000000000, Narrow klass shift: 0

GC Heap History (0 events):
No events

Deoptimization events (0 events):
No events

Classes redefined (0 events):
No events

Internal exceptions (0 events):
No events

Events (1 events):
Event: 0.019 Loaded shared library E:\IntelliJ IDEA 2021.2.2\jbr\bin\zip.dll


Dynamic libraries:
0x00007ff73cba0000 - 0x00007ff73cbaa000 	E:\IntelliJ IDEA 2021.2.2\jbr\bin\java.exe
0x00007ff9cf300000 - 0x00007ff9cf4ed000 	C:\Windows\SYSTEM32\ntdll.dll
0x00007ff9cdcd0000 - 0x00007ff9cdd83000 	C:\Windows\System32\KERNEL32.DLL
0x00007ff9cc190000 - 0x00007ff9cc425000 	C:\Windows\System32\KERNELBASE.dll
0x00007ff9cbbc0000 - 0x00007ff9cbcba000 	C:\Windows\System32\ucrtbase.dll
0x00007ff9bd840000 - 0x00007ff9bd857000 	E:\IntelliJ IDEA 2021.2.2\jbr\bin\VCRUNTIME140.dll
0x00007ff9be060000 - 0x00007ff9be079000 	E:\IntelliJ IDEA 2021.2.2\jbr\bin\jli.dll
0x00007ff9ce3b0000 - 0x00007ff9ce547000 	C:\Windows\System32\USER32.dll
0x00007ff9cc450000 - 0x00007ff9cc470000 	C:\Windows\System32\win32u.dll
0x00007ff9b5d70000 - 0x00007ff9b5fe9000 	C:\Windows\WinSxS\amd64_microsoft.windows.common-controls_6595b64144ccf1df_6.0.17763.1577_none_de7444545348a3d0\COMCTL32.dll
0x00007ff9ce730000 - 0x00007ff9ce759000 	C:\Windows\System32\GDI32.dll
0x00007ff9cdf20000 - 0x00007ff9cdfbe000 	C:\Windows\System32\msvcrt.dll
0x00007ff9cbd70000 - 0x00007ff9cbf0c000 	C:\Windows\System32\gdi32full.dll
0x00007ff9ce760000 - 0x00007ff9cea8d000 	C:\Windows\System32\combase.dll
0x00007ff9cc0f0000 - 0x00007ff9cc190000 	C:\Windows\System32\msvcp_win.dll
0x00007ff9ce110000 - 0x00007ff9ce232000 	C:\Windows\System32\RPCRT4.dll
0x00007ff9cbb10000 - 0x00007ff9cbb8e000 	C:\Windows\System32\bcryptPrimitives.dll
0x00007ff9ce550000 - 0x00007ff9ce57e000 	C:\Windows\System32\IMM32.DLL
0x00007ff9aca50000 - 0x00007ff9acaed000 	E:\IntelliJ IDEA 2021.2.2\jbr\bin\msvcp140.dll
0x00007ff985b70000 - 0x00007ff9866c8000 	E:\IntelliJ IDEA 2021.2.2\jbr\bin\server\jvm.dll
0x00007ff9cc5a0000 - 0x00007ff9cc643000 	C:\Windows\System32\ADVAPI32.dll
0x00007ff9cdc30000 - 0x00007ff9cdcce000 	C:\Windows\System32\sechost.dll
0x00007ff9cde00000 - 0x00007ff9cde08000 	C:\Windows\System32\PSAPI.DLL
0x00007ff9c8020000 - 0x00007ff9c8044000 	C:\Windows\SYSTEM32\WINMM.dll
0x00007ff9b2aa0000 - 0x00007ff9b2aa9000 	C:\Windows\SYSTEM32\WSOCK32.dll
0x00007ff9cdd90000 - 0x00007ff9cddfd000 	C:\Windows\System32\WS2_32.dll
0x00007ff9c0690000 - 0x00007ff9c069a000 	C:\Windows\SYSTEM32\VERSION.dll
0x00007ff9c7ff0000 - 0x00007ff9c801d000 	C:\Windows\SYSTEM32\WINMMBASE.dll
0x00007ff9cc4d0000 - 0x00007ff9cc51a000 	C:\Windows\System32\cfgmgr32.dll
0x00007ff9cb370000 - 0x00007ff9cb381000 	C:\Windows\System32\kernel.appcore.dll
0x00007ff9c1b80000 - 0x00007ff9c1b91000 	E:\IntelliJ IDEA 2021.2.2\jbr\bin\verify.dll
0x00007ff9b9d90000 - 0x00007ff9b9f7d000 	C:\Windows\SYSTEM32\DBGHELP.DLL
0x00007ff9b3910000 - 0x00007ff9b393a000 	C:\Windows\SYSTEM32\dbgcore.DLL
0x00007ff9c1b50000 - 0x00007ff9c1b79000 	E:\IntelliJ IDEA 2021.2.2\jbr\bin\java.dll
0x00007ff9c8130000 - 0x00007ff9c813b000 	E:\IntelliJ IDEA 2021.2.2\jbr\bin\jimage.dll
0x00007ff9c1b30000 - 0x00007ff9c1b48000 	E:\IntelliJ IDEA 2021.2.2\jbr\bin\zip.dll

dbghelp: loaded successfully - version: 4.0.5 - missing functions: none
symbol engine: initialized successfully - sym options: 0x614 - pdb path: .;E:\IntelliJ IDEA 2021.2.2\jbr\bin;C:\Windows\SYSTEM32;C:\Windows\WinSxS\amd64_microsoft.windows.common-controls_6595b64144ccf1df_6.0.17763.1577_none_de7444545348a3d0;E:\IntelliJ IDEA 2021.2.2\jbr\bin\server

VM Arguments:
jvm_args: -Djava.rmi.server.hostname=127.0.0.1 -Duser.timezone=UTC -Xmx1000m -Xms128m -Dfile.encoding=UTF-8 
java_command: com.intellij.database.remote.RemoteJdbcServer com.mysql.cj.jdbc.Driver
java_class_path (initial): E:\IntelliJ IDEA 2021.2.2\lib\util.jar;E:\IntelliJ IDEA 2021.2.2\lib\groovy-2.5.14.jar;E:\IntelliJ IDEA 2021.2.2\plugins\DatabaseTools\lib\jdbc-console.jar;C:\Users\dell\AppData\Roaming\JetBrains\IntelliJIdea2021.2\jdbc-drivers\MySQL ConnectorJ\8.0.25\mysql-connector-java-8.0.25.jar
Launcher Type: SUN_STANDARD

[Global flags]
     intx CICompilerCount                          = 4                                         {product} {ergonomic}
     uint ConcGCThreads                            = 2                                         {product} {ergonomic}
     uint G1ConcRefinementThreads                  = 8                                         {product} {ergonomic}
   size_t G1HeapRegionSize                         = 1048576                                   {product} {ergonomic}
    uintx GCDrainStackTargetSize                   = 64                                        {product} {ergonomic}
   size_t InitialHeapSize                          = 134217728                                 {product} {command line}
   size_t MarkStackSize                            = 4194304                                   {product} {ergonomic}
   size_t MaxHeapSize                              = 1048576000                                {product} {command line}
   size_t MinHeapDeltaBytes                        = 1048576                                   {product} {ergonomic}
    uintx NonNMethodCodeHeapSize                   = 5836300                                {pd product} {ergonomic}
    uintx NonProfiledCodeHeapSize                  = 122910970                              {pd product} {ergonomic}
    uintx ProfiledCodeHeapSize                     = 122910970                              {pd product} {ergonomic}
    uintx ReservedCodeCacheSize                    = 251658240                              {pd product} {ergonomic}
     bool SegmentedCodeCache                       = true                                      {product} {ergonomic}
     bool UseCompressedClassPointers               = true                                 {lp64_product} {ergonomic}
     bool UseCompressedOops                        = true                                 {lp64_product} {ergonomic}
     bool UseG1GC                                  = true                                      {product} {ergonomic}
     bool UseLargePagesIndividualAllocation        = false                                  {pd product} {ergonomic}

Logging:
Log output configuration:
 #0: stdout all=warning uptime,level,tags
 #1: stderr all=off uptime,level,tags

Environment Variables:
JAVA_HOME=E:\Java\jdk1.8.0_301
PATH=C:\Program Files (x86)\Common Files\Oracle\Java\javapath;E:\Python\Python39\Scripts\;E:\Python\Python39\;E:\DPFS\;C:\Windows\system32;C:\Windows;C:\Windows\System32\Wbem;C:\Windows\System32\WindowsPowerShell\v1.0\;C:\Windows\System32\OpenSSH\;C:\Program Files (x86)\Intel\Intel(R) Management Engine Components\DAL;C:\Program Files\Intel\Intel(R) Management Engine Components\DAL;C:\Program Files\Intel\WiFi\bin\;C:\Program Files\Common Files\Intel\WirelessCommon\;E:\nodejs\;C:\ProgramData\chocolatey\bin;%ANDROID_HOME%\platform-tools;%ANDROID_HOME%\emulator;%ANDROID_HOME%\tools;%ANDROID_HOME%\tools\bin;E:\PsychoPy3;E:\PsychoPy3\DLLs;E:\PsychoPy2021_2_3;E:\PsychoPy2021_2_3\DLLs;E:\Git\cmd;E:\mingw\mingw64\bin;C:\Program Files\MySQL\MySQL Server 8.0\bin;C:\Program Files\MySQL\MySQL Shell 8.0\bin\;E:\Python\Python39\Scripts\;E:\Python\Python39\;C:\Users\dell\AppData\Local\Microsoft\WindowsApps;D:\latex\texlive\2020\bin\win32;C:\Users\dell\AppData\Roaming\npm;E:\Android\Sdk\platform-tools;E:\Android\Sdk\emulator;E:\Android\Sdk\tools;E:\Android\Sdk\tools\bin;;E:\Microsoft VS Code\bin;E:\JetBrains\DataGrip 2021.3.1\bin;
USERNAME=dell
OS=Windows_NT
PROCESSOR_IDENTIFIER=Intel64 Family 6 Model 142 Stepping 11, GenuineIntel



---------------  S Y S T E M  ---------------

OS: Windows 10 , 64 bit Build 17763 (10.0.17763.475)
OS uptime: 8 days 5:56 hours

CPU:total 8 (initial active 8) (4 cores per cpu, 2 threads per core) family 6 model 142 stepping 11 microcode 0xca, cmov, cx8, fxsr, mmx, sse, sse2, sse3, ssse3, sse4.1, sse4.2, popcnt, avx, avx2, aes, clmul, erms, 3dnowpref, lzcnt, ht, tsc, tscinvbit, bmi1, bmi2, adx, fma

Memory: 4k page, system-wide physical 8000M (1140M free)
TotalPageFile size 13566M (AvailPageFile size 4M)
current process WorkingSet (physical memory assigned to process): 12M, peak: 12M
current process commit charge ("private bytes"): 191M, peak: 191M

vm_info: OpenJDK 64-Bit Server VM (11.0.12+7-b1504.28) for windows-amd64 JRE (11.0.12+7-b1504.28), built on Sep  3 2021 08:39:15 by "" with MS VC++ 14.0 (VS2015)

END.
